[0m[[0m[0mdebug[0m] [0m[0mRunning TaskDef(singlecycle.single_cyclesTest, org.scalatest.tools.Framework$$anon$1@520f6e90, false, [SuiteSelector])[0m
[0m[[0m[0minfo[0m] [0m[0m[32msingle_cyclesTest:[0m[0m
[0m[[0m[0minfo[0m] [0m[0m[31m- Chisel Tester file  *** FAILED ***[0m[0m
[0m[[0m[0minfo[0m] [0m[0m[31m  treadle.executable.TreadleException: loading memory insmem.memory[5] <= : error: Zero length BigInteger[0m[0m
[0m[[0m[0minfo[0m] [0m[0m[31m  at treadle.executable.MemoryInitializer.$anonfun$doInitialize$1(Memory.scala:673)[0m[0m
[0m[[0m[0minfo[0m] [0m[0m[31m  at treadle.executable.MemoryInitializer.$anonfun$doInitialize$1$adapted(Memory.scala:665)[0m[0m
[0m[[0m[0minfo[0m] [0m[0m[31m  at scala.collection.immutable.List.foreach(List.scala:431)[0m[0m
[0m[[0m[0minfo[0m] [0m[0m[31m  at treadle.executable.MemoryInitializer.doInitialize(Memory.scala:665)[0m[0m
[0m[[0m[0minfo[0m] [0m[0m[31m  at treadle.executable.MemoryInitializer.$anonfun$initializeMemoriesFromFiles$1(Memory.scala:681)[0m[0m
[0m[[0m[0minfo[0m] [0m[0m[31m  at treadle.executable.MemoryInitializer.$anonfun$initializeMemoriesFromFiles$1$adapted(Memory.scala:680)[0m[0m
[0m[[0m[0minfo[0m] [0m[0m[31m  at scala.collection.immutable.List.foreach(List.scala:431)[0m[0m
[0m[[0m[0minfo[0m] [0m[0m[31m  at treadle.executable.MemoryInitializer.initializeMemoriesFromFiles(Memory.scala:680)[0m[0m
[0m[[0m[0minfo[0m] [0m[0m[31m  at treadle.executable.ExecutionEngine$.apply(ExecutionEngine.scala:661)[0m[0m
[0m[[0m[0minfo[0m] [0m[0m[31m  at treadle.TreadleTester.<init>(TreadleTester.scala:44)[0m[0m
[0m[[0m[0minfo[0m] [0m[0m[31m  ...[0m[0m
[0m[[0m[0minfo[0m] [0m[0m[36mRun completed in 11 seconds, 459 milliseconds.[0m[0m
[0m[[0m[0minfo[0m] [0m[0m[36mTotal number of tests run: 1[0m[0m
[0m[[0m[0minfo[0m] [0m[0m[36mSuites: completed 1, aborted 0[0m[0m
[0m[[0m[0minfo[0m] [0m[0m[36mTests: succeeded 0, failed 1, canceled 0, ignored 0, pending 0[0m[0m
[0m[[0m[0minfo[0m] [0m[0m[31m*** 1 TEST FAILED ***[0m[0m
[0m[[0m[31merror[0m] [0m[0mFailed tests:[0m
[0m[[0m[31merror[0m] [0m[0m	singlecycle.single_cyclesTest[0m
[0m[[0m[31merror[0m] [0m[0m(Test / [31mtestOnly[0m) sbt.TestsFailedException: Tests unsuccessful[0m
